# JRE version: OpenJDK Runtime Environment (11.0.10+9) (build 11.0.10+9-Ubuntu-0ubuntu1.20.04)
# Java VM: OpenJDK 64-Bit Server VM (11.0.10+9-Ubuntu-0ubuntu1.20.04, mixed mode, sharing, tiered, compressed oops, g1 gc, linux-amd64)
Heap:
 garbage-first heap   total 516096K, used 214124K [0x00000000e0000000, 0x0000000100000000)
  region size 1024K, 129 young (132096K), 22 survivors (22528K)
 Metaspace       used 46841K, capacity 48236K, committed 48508K, reserved 1091584K
  class space    used 5918K, capacity 6485K, committed 6524K, reserved 1048576K
GC Heap History (14 events):
Event: 4.133 GC heap before
{Heap before GC invocations=0 (full 0):
 garbage-first heap   total 516096K, used 25288K [0x00000000e0000000, 0x0000000100000000)
  region size 1024K, 25 young (25600K), 0 survivors (0K)
 Metaspace       used 8720K, capacity 9232K, committed 9344K, reserved 1056768K
  class space    used 910K, capacity 1102K, committed 1152K, reserved 1048576K
}
Event: 4.160 GC heap after
{Heap after GC invocations=1 (full 0):
 garbage-first heap   total 516096K, used 6917K [0x00000000e0000000, 0x0000000100000000)
  region size 1024K, 4 young (4096K), 4 survivors (4096K)
 Metaspace       used 8720K, capacity 9232K, committed 9344K, reserved 1056768K
  class space    used 910K, capacity 1102K, committed 1152K, reserved 1048576K
}
Event: 6.571 GC heap before
{Heap before GC invocations=1 (full 0):
 garbage-first heap   total 516096K, used 28421K [0x00000000e0000000, 0x0000000100000000)
  region size 1024K, 25 young (25600K), 4 survivors (4096K)
 Metaspace       used 18467K, capacity 19347K, committed 19584K, reserved 1067008K
  class space    used 2314K, capacity 2663K, committed 2688K, reserved 1048576K
}
Event: 6.579 GC heap after
{Heap after GC invocations=2 (full 0):
 garbage-first heap   total 516096K, used 9926K [0x00000000e0000000, 0x0000000100000000)
  region size 1024K, 3 young (3072K), 3 survivors (3072K)
 Metaspace       used 18467K, capacity 19347K, committed 19584K, reserved 1067008K
  class space    used 2314K, capacity 2663K, committed 2688K, reserved 1048576K
}
Event: 6.901 GC heap before
{Heap before GC invocations=2 (full 0):
 garbage-first heap   total 516096K, used 20166K [0x00000000e0000000, 0x0000000100000000)
  region size 1024K, 14 young (14336K), 3 survivors (3072K)
 Metaspace       used 20392K, capacity 21214K, committed 21248K, reserved 1067008K
  class space    used 2689K, capacity 3050K, committed 3072K, reserved 1048576K
}
Event: 6.907 GC heap after
{Heap after GC invocations=3 (full 0):
 garbage-first heap   total 516096K, used 12803K [0x00000000e0000000, 0x0000000100000000)
  region size 1024K, 6 young (6144K), 6 survivors (6144K)
 Metaspace       used 20392K, capacity 21214K, committed 21248K, reserved 1067008K
  class space    used 2689K, capacity 3050K, committed 3072K, reserved 1048576K
}
Event: 26.087 GC heap before
{Heap before GC invocations=4 (full 0):
 garbage-first heap   total 516096K, used 68099K [0x00000000e0000000, 0x0000000100000000)
  region size 1024K, 60 young (61440K), 6 survivors (6144K)
 Metaspace       used 24326K, capacity 25234K, committed 25596K, reserved 1071104K
  class space    used 3147K, capacity 3530K, committed 3580K, reserved 1048576K
}
Event: 26.119 GC heap after
{Heap after GC invocations=5 (full 0):
 garbage-first heap   total 516096K, used 18208K [0x00000000e0000000, 0x0000000100000000)
  region size 1024K, 8 young (8192K), 8 survivors (8192K)
 Metaspace       used 24326K, capacity 25234K, committed 25596K, reserved 1071104K
  class space    used 3147K, capacity 3530K, committed 3580K, reserved 1048576K
}
Event: 26.987 GC heap before
{Heap before GC invocations=6 (full 0):
 garbage-first heap   total 516096K, used 109344K [0x00000000e0000000, 0x0000000100000000)
  region size 1024K, 97 young (99328K), 8 survivors (8192K)
 Metaspace       used 25488K, capacity 26385K, committed 26748K, reserved 1073152K
  class space    used 3315K, capacity 3670K, committed 3708K, reserved 1048576K
}
Event: 27.008 GC heap after
{Heap after GC invocations=7 (full 0):
 garbage-first heap   total 516096K, used 24146K [0x00000000e0000000, 0x0000000100000000)
  region size 1024K, 11 young (11264K), 11 survivors (11264K)
 Metaspace       used 25488K, capacity 26385K, committed 26748K, reserved 1073152K
  class space    used 3315K, capacity 3670K, committed 3708K, reserved 1048576K
}
Event: 29.659 GC heap before
{Heap before GC invocations=7 (full 0):
 garbage-first heap   total 516096K, used 207442K [0x00000000e0000000, 0x0000000100000000)
  region size 1024K, 131 young (134144K), 11 survivors (11264K)
 Metaspace       used 33341K, capacity 34624K, committed 35068K, reserved 1079296K
  class space    used 4495K, capacity 5017K, committed 5116K, reserved 1048576K
}
Event: 29.696 GC heap after
{Heap after GC invocations=8 (full 0):
 garbage-first heap   total 516096K, used 97185K [0x00000000e0000000, 0x0000000100000000)
  region size 1024K, 17 young (17408K), 17 survivors (17408K)
 Metaspace       used 33341K, capacity 34624K, committed 35068K, reserved 1079296K
  class space    used 4495K, capacity 5017K, committed 5116K, reserved 1048576K
}
Event: 202.856 GC heap before
{Heap before GC invocations=8 (full 0):
 garbage-first heap   total 516096K, used 209825K [0x00000000e0000000, 0x0000000100000000)
  region size 1024K, 128 young (131072K), 17 survivors (17408K)
 Metaspace       used 40931K, capacity 42252K, committed 42620K, reserved 1085440K
  class space    used 5357K, capacity 5885K, committed 6012K, reserved 1048576K
}
Event: 202.889 GC heap after
{Heap after GC invocations=9 (full 0):
 garbage-first heap   total 516096K, used 106604K [0x00000000e0000000, 0x0000000100000000)
  region size 1024K, 22 young (22528K), 22 survivors (22528K)
 Metaspace       used 40931K, capacity 42252K, committed 42620K, reserved 1085440K
  class space    used 5357K, capacity 5885K, committed 6012K, reserved 1048576K
}

